# JRE version: Java(TM) SE Runtime Environment (17.0.10+11) (build 17.0.10+11-LTS-240)
# Java VM: Java HotSpot(TM) 64-Bit Server VM (17.0.10+11-LTS-240, mixed mode, sharing, tiered, compressed oops, compressed class ptrs, g1 gc, windows-amd64)
GC Precious Log:
 CPUs: 8 total, 8 available
 Memory: 16060M
 Large Page Support: Disabled
 NUMA Support: Disabled
 Compressed Oops: Enabled (Zero based)
 Heap Region Size: 2M
 Heap Min Capacity: 8M
 Heap Initial Capacity: 252M
 Heap Max Capacity: 4016M
 Pre-touch: Disabled
 Parallel Workers: 8
 Concurrent Workers: 2
 Concurrent Refinement Workers: 8
 Periodic GC: Disabled
Heap:
 garbage-first heap   total 159744K, used 49358K [0x0000000705000000, 0x0000000800000000)
  region size 2048K, 12 young (24576K), 1 survivors (2048K)
 Metaspace       used 66957K, committed 67520K, reserved 1114112K
  class space    used 9131K, committed 9408K, reserved 1048576K
GC Heap History (20 events):
Event: 5.898 GC heap before
{Heap before GC invocations=6 (full 0):
 garbage-first heap   total 61440K, used 18322K [0x0000000705000000, 0x0000000800000000)
  region size 2048K, 3 young (6144K), 2 survivors (4096K)
 Metaspace       used 27224K, committed 27584K, reserved 1114112K
  class space    used 3461K, committed 3648K, reserved 1048576K
}
Event: 5.905 GC heap after
{Heap after GC invocations=7 (full 0):
 garbage-first heap   total 61440K, used 16722K [0x0000000705000000, 0x0000000800000000)
  region size 2048K, 1 young (2048K), 1 survivors (2048K)
 Metaspace       used 27224K, committed 27584K, reserved 1114112K
  class space    used 3461K, committed 3648K, reserved 1048576K
}
Event: 6.789 GC heap before
{Heap before GC invocations=7 (full 0):
 garbage-first heap   total 61440K, used 39250K [0x0000000705000000, 0x0000000800000000)
  region size 2048K, 13 young (26624K), 1 survivors (2048K)
 Metaspace       used 33388K, committed 33792K, reserved 1114112K
  class space    used 4167K, committed 4352K, reserved 1048576K
}
Event: 6.799 GC heap after
{Heap after GC invocations=8 (full 0):
 garbage-first heap   total 61440K, used 17923K [0x0000000705000000, 0x0000000800000000)
  region size 2048K, 1 young (2048K), 1 survivors (2048K)
 Metaspace       used 33388K, committed 33792K, reserved 1114112K
  class space    used 4167K, committed 4352K, reserved 1048576K
}
Event: 7.612 GC heap before
{Heap before GC invocations=8 (full 0):
 garbage-first heap   total 61440K, used 30211K [0x0000000705000000, 0x0000000800000000)
  region size 2048K, 7 young (14336K), 1 survivors (2048K)
 Metaspace       used 35573K, committed 35968K, reserved 1114112K
  class space    used 4459K, committed 4672K, reserved 1048576K
}
Event: 7.616 GC heap after
{Heap after GC invocations=9 (full 0):
 garbage-first heap   total 61440K, used 20827K [0x0000000705000000, 0x0000000800000000)
  region size 2048K, 2 young (4096K), 2 survivors (4096K)
 Metaspace       used 35573K, committed 35968K, reserved 1114112K
  class space    used 4459K, committed 4672K, reserved 1048576K
}
Event: 8.701 GC heap before
{Heap before GC invocations=10 (full 0):
 garbage-first heap   total 61440K, used 45403K [0x0000000705000000, 0x0000000800000000)
  region size 2048K, 14 young (28672K), 2 survivors (4096K)
 Metaspace       used 40916K, committed 41344K, reserved 1114112K
  class space    used 5343K, committed 5568K, reserved 1048576K
}
Event: 8.705 GC heap after
{Heap after GC invocations=11 (full 0):
 garbage-first heap   total 61440K, used 21878K [0x0000000705000000, 0x0000000800000000)
  region size 2048K, 1 young (2048K), 1 survivors (2048K)
 Metaspace       used 40916K, committed 41344K, reserved 1114112K
  class space    used 5343K, committed 5568K, reserved 1048576K
}
Event: 9.332 GC heap before
{Heap before GC invocations=11 (full 0):
 garbage-first heap   total 61440K, used 44406K [0x0000000705000000, 0x0000000800000000)
  region size 2048K, 13 young (26624K), 1 survivors (2048K)
 Metaspace       used 47316K, committed 47808K, reserved 1114112K
  class space    used 6290K, committed 6528K, reserved 1048576K
}
Event: 9.335 GC heap after
{Heap after GC invocations=12 (full 0):
 garbage-first heap   total 61440K, used 22920K [0x0000000705000000, 0x0000000800000000)
  region size 2048K, 2 young (4096K), 2 survivors (4096K)
 Metaspace       used 47316K, committed 47808K, reserved 1114112K
  class space    used 6290K, committed 6528K, reserved 1048576K
}
Event: 9.968 GC heap before
{Heap before GC invocations=12 (full 0):
 garbage-first heap   total 61440K, used 47496K [0x0000000705000000, 0x0000000800000000)
  region size 2048K, 14 young (28672K), 2 survivors (4096K)
 Metaspace       used 53261K, committed 53760K, reserved 1114112K
  class space    used 7266K, committed 7488K, reserved 1048576K
}
Event: 9.972 GC heap after
{Heap after GC invocations=13 (full 0):
 garbage-first heap   total 61440K, used 23739K [0x0000000705000000, 0x0000000800000000)
  region size 2048K, 1 young (2048K), 1 survivors (2048K)
 Metaspace       used 53261K, committed 53760K, reserved 1114112K
  class space    used 7266K, committed 7488K, reserved 1048576K
}
Event: 10.635 GC heap before
{Heap before GC invocations=13 (full 0):
 garbage-first heap   total 61440K, used 48315K [0x0000000705000000, 0x0000000800000000)
  region size 2048K, 13 young (26624K), 1 survivors (2048K)
 Metaspace       used 57554K, committed 58048K, reserved 1114112K
  class space    used 7801K, committed 8000K, reserved 1048576K
}
Event: 10.642 GC heap after
{Heap after GC invocations=14 (full 0):
 garbage-first heap   total 61440K, used 25607K [0x0000000705000000, 0x0000000800000000)
  region size 2048K, 2 young (4096K), 2 survivors (4096K)
 Metaspace       used 57554K, committed 58048K, reserved 1114112K
  class space    used 7801K, committed 8000K, reserved 1048576K
}
Event: 11.222 GC heap before
{Heap before GC invocations=14 (full 0):
 garbage-first heap   total 61440K, used 39943K [0x0000000705000000, 0x0000000800000000)
  region size 2048K, 10 young (20480K), 2 survivors (4096K)
 Metaspace       used 59790K, committed 60288K, reserved 1114112K
  class space    used 8121K, committed 8384K, reserved 1048576K
}
Event: 11.229 GC heap after
{Heap after GC invocations=15 (full 0):
 garbage-first heap   total 61440K, used 26963K [0x0000000705000000, 0x0000000800000000)
  region size 2048K, 2 young (4096K), 2 survivors (4096K)
 Metaspace       used 59790K, committed 60288K, reserved 1114112K
  class space    used 8121K, committed 8384K, reserved 1048576K
}
Event: 11.903 GC heap before
{Heap before GC invocations=16 (full 0):
 garbage-first heap   total 61440K, used 47443K [0x0000000705000000, 0x0000000800000000)
  region size 2048K, 12 young (24576K), 2 survivors (4096K)
 Metaspace       used 61735K, committed 62272K, reserved 1114112K
  class space    used 8468K, committed 8704K, reserved 1048576K
}
Event: 11.911 GC heap after
{Heap after GC invocations=17 (full 0):
 garbage-first heap   total 61440K, used 29191K [0x0000000705000000, 0x0000000800000000)
  region size 2048K, 2 young (4096K), 2 survivors (4096K)
 Metaspace       used 61735K, committed 62272K, reserved 1114112K
  class space    used 8468K, committed 8704K, reserved 1048576K
}
Event: 40.225 GC heap before
{Heap before GC invocations=17 (full 0):
 garbage-first heap   total 61440K, used 29191K [0x0000000705000000, 0x0000000800000000)
  region size 2048K, 3 young (6144K), 2 survivors (4096K)
 Metaspace       used 62433K, committed 62912K, reserved 1114112K
  class space    used 8552K, committed 8768K, reserved 1048576K
}
Event: 40.232 GC heap after
{Heap after GC invocations=18 (full 0):
 garbage-first heap   total 159744K, used 28878K [0x0000000705000000, 0x0000000800000000)
  region size 2048K, 1 young (2048K), 1 survivors (2048K)
 Metaspace       used 62433K, committed 62912K, reserved 1114112K
  class space    used 8552K, committed 8768K, reserved 1048576K
}

