# JRE version: Java(TM) SE Runtime Environment (17.0.10+11) (build 17.0.10+11-LTS-240)
# Java VM: Java HotSpot(TM) 64-Bit Server VM (17.0.10+11-LTS-240, mixed mode, sharing, tiered, compressed oops, compressed class ptrs, g1 gc, windows-amd64)
GC Precious Log:
 CPUs: 8 total, 8 available
 Memory: 16060M
 Large Page Support: Disabled
 NUMA Support: Disabled
 Compressed Oops: Enabled (32-bit)
 Heap Region Size: 1M
 Heap Min Capacity: 256M
 Heap Initial Capacity: 256M
 Heap Max Capacity: 512M
 Pre-touch: Disabled
 Parallel Workers: 8
 Concurrent Workers: 2
 Concurrent Refinement Workers: 8
 Periodic GC: Disabled
Heap:
 garbage-first heap   total 262144K, used 128658K [0x00000000e0000000, 0x0000000100000000)
  region size 1024K, 74 young (75776K), 12 survivors (12288K)
 Metaspace       used 59578K, committed 60224K, reserved 393216K
  class space    used 8330K, committed 8640K, reserved 327680K
GC Heap History (10 events):
Event: 0.677 GC heap before
{Heap before GC invocations=0 (full 0):
 garbage-first heap   total 262144K, used 26624K [0x00000000e0000000, 0x0000000100000000)
  region size 1024K, 23 young (23552K), 0 survivors (0K)
 Metaspace       used 2904K, committed 3072K, reserved 393216K
  class space    used 361K, committed 448K, reserved 327680K
}
Event: 0.682 GC heap after
{Heap after GC invocations=1 (full 0):
 garbage-first heap   total 262144K, used 10842K [0x00000000e0000000, 0x0000000100000000)
  region size 1024K, 3 young (3072K), 3 survivors (3072K)
 Metaspace       used 2904K, committed 3072K, reserved 393216K
  class space    used 361K, committed 448K, reserved 327680K
}
Event: 1.185 GC heap before
{Heap before GC invocations=1 (full 0):
 garbage-first heap   total 262144K, used 37466K [0x00000000e0000000, 0x0000000100000000)
  region size 1024K, 29 young (29696K), 3 survivors (3072K)
 Metaspace       used 4008K, committed 4160K, reserved 393216K
  class space    used 494K, committed 576K, reserved 327680K
}
Event: 1.187 GC heap after
{Heap after GC invocations=2 (full 0):
 garbage-first heap   total 262144K, used 11464K [0x00000000e0000000, 0x0000000100000000)
  region size 1024K, 1 young (1024K), 1 survivors (1024K)
 Metaspace       used 4008K, committed 4160K, reserved 393216K
  class space    used 494K, committed 576K, reserved 327680K
}
Event: 3.639 GC heap before
{Heap before GC invocations=2 (full 0):
 garbage-first heap   total 262144K, used 132296K [0x00000000e0000000, 0x0000000100000000)
  region size 1024K, 119 young (121856K), 1 survivors (1024K)
 Metaspace       used 21243K, committed 21504K, reserved 393216K
  class space    used 3116K, committed 3264K, reserved 327680K
}
Event: 3.649 GC heap after
{Heap after GC invocations=3 (full 0):
 garbage-first heap   total 262144K, used 22708K [0x00000000e0000000, 0x0000000100000000)
  region size 1024K, 12 young (12288K), 12 survivors (12288K)
 Metaspace       used 21243K, committed 21504K, reserved 393216K
  class space    used 3116K, committed 3264K, reserved 327680K
}
Event: 5.237 GC heap before
{Heap before GC invocations=4 (full 0):
 garbage-first heap   total 262144K, used 152756K [0x00000000e0000000, 0x0000000100000000)
  region size 1024K, 125 young (128000K), 12 survivors (12288K)
 Metaspace       used 35707K, committed 36096K, reserved 393216K
  class space    used 4968K, committed 5184K, reserved 327680K
}
Event: 5.248 GC heap after
{Heap after GC invocations=5 (full 0):
 garbage-first heap   total 262144K, used 45494K [0x00000000e0000000, 0x0000000100000000)
  region size 1024K, 11 young (11264K), 11 survivors (11264K)
 Metaspace       used 35707K, committed 36096K, reserved 393216K
  class space    used 4968K, committed 5184K, reserved 327680K
}
Event: 7.248 GC heap before
{Heap before GC invocations=6 (full 0):
 garbage-first heap   total 262144K, used 196022K [0x00000000e0000000, 0x0000000100000000)
  region size 1024K, 148 young (151552K), 11 survivors (11264K)
 Metaspace       used 49353K, committed 49920K, reserved 393216K
  class space    used 6979K, committed 7296K, reserved 327680K
}
Event: 7.265 GC heap after
{Heap after GC invocations=7 (full 0):
 garbage-first heap   total 262144K, used 66194K [0x00000000e0000000, 0x0000000100000000)
  region size 1024K, 12 young (12288K), 12 survivors (12288K)
 Metaspace       used 49353K, committed 49920K, reserved 393216K
  class space    used 6979K, committed 7296K, reserved 327680K
}

