# JRE version: Java(TM) SE Runtime Environment (17.0.10+11) (build 17.0.10+11-LTS-240)
# Java VM: Java HotSpot(TM) 64-Bit Server VM (17.0.10+11-LTS-240, mixed mode, sharing, tiered, compressed oops, compressed class ptrs, g1 gc, windows-amd64)
GC Precious Log:
 CPUs: 8 total, 8 available
 Memory: 16060M
 Large Page Support: Disabled
 NUMA Support: Disabled
 Compressed Oops: Enabled (Zero based)
 Heap Region Size: 2M
 Heap Min Capacity: 8M
 Heap Initial Capacity: 252M
 Heap Max Capacity: 4016M
 Pre-touch: Disabled
 Parallel Workers: 8
 Concurrent Workers: 2
 Concurrent Refinement Workers: 8
 Periodic GC: Disabled
Heap:
 garbage-first heap   total 90112K, used 51059K [0x0000000705000000, 0x0000000800000000)
  region size 2048K, 10 young (20480K), 3 survivors (6144K)
 Metaspace       used 63257K, committed 63808K, reserved 1114112K
  class space    used 8537K, committed 8768K, reserved 1048576K
GC Heap History (20 events):
Event: 2.544 GC heap before
{Heap before GC invocations=2 (full 0):
 garbage-first heap   total 258048K, used 64160K [0x0000000705000000, 0x0000000800000000)
  region size 2048K, 28 young (57344K), 1 survivors (2048K)
 Metaspace       used 19333K, committed 19584K, reserved 1114112K
  class space    used 2376K, committed 2496K, reserved 1048576K
}
Event: 2.549 GC heap after
{Heap after GC invocations=3 (full 0):
 garbage-first heap   total 258048K, used 13427K [0x0000000705000000, 0x0000000800000000)
  region size 2048K, 4 young (8192K), 4 survivors (8192K)
 Metaspace       used 19333K, committed 19584K, reserved 1114112K
  class space    used 2376K, committed 2496K, reserved 1048576K
}
Event: 2.834 GC heap before
{Heap before GC invocations=3 (full 0):
 garbage-first heap   total 258048K, used 25715K [0x0000000705000000, 0x0000000800000000)
  region size 2048K, 11 young (22528K), 4 survivors (8192K)
 Metaspace       used 21255K, committed 21504K, reserved 1114112K
  class space    used 2600K, committed 2752K, reserved 1048576K
}
Event: 2.841 GC heap after
{Heap after GC invocations=4 (full 0):
 garbage-first heap   total 258048K, used 14367K [0x0000000705000000, 0x0000000800000000)
  region size 2048K, 4 young (8192K), 4 survivors (8192K)
 Metaspace       used 21255K, committed 21504K, reserved 1114112K
  class space    used 2600K, committed 2752K, reserved 1048576K
}
Event: 3.839 GC heap before
{Heap before GC invocations=5 (full 0):
 garbage-first heap   total 61440K, used 43039K [0x0000000705000000, 0x0000000800000000)
  region size 2048K, 18 young (36864K), 4 survivors (8192K)
 Metaspace       used 25904K, committed 26240K, reserved 1114112K
  class space    used 3273K, committed 3456K, reserved 1048576K
}
Event: 3.852 GC heap after
{Heap after GC invocations=6 (full 0):
 garbage-first heap   total 61440K, used 17014K [0x0000000705000000, 0x0000000800000000)
  region size 2048K, 2 young (4096K), 2 survivors (4096K)
 Metaspace       used 25904K, committed 26240K, reserved 1114112K
  class space    used 3273K, committed 3456K, reserved 1048576K
}
Event: 3.923 GC heap before
{Heap before GC invocations=6 (full 0):
 garbage-first heap   total 61440K, used 19062K [0x0000000705000000, 0x0000000800000000)
  region size 2048K, 3 young (6144K), 2 survivors (4096K)
 Metaspace       used 26196K, committed 26624K, reserved 1114112K
  class space    used 3337K, committed 3520K, reserved 1048576K
}
Event: 3.930 GC heap after
{Heap after GC invocations=7 (full 0):
 garbage-first heap   total 61440K, used 17469K [0x0000000705000000, 0x0000000800000000)
  region size 2048K, 1 young (2048K), 1 survivors (2048K)
 Metaspace       used 26196K, committed 26624K, reserved 1114112K
  class space    used 3337K, committed 3520K, reserved 1048576K
}
Event: 4.739 GC heap before
{Heap before GC invocations=7 (full 0):
 garbage-first heap   total 61440K, used 39997K [0x0000000705000000, 0x0000000800000000)
  region size 2048K, 12 young (24576K), 1 survivors (2048K)
 Metaspace       used 31128K, committed 31552K, reserved 1114112K
  class space    used 3910K, committed 4096K, reserved 1048576K
}
Event: 4.750 GC heap after
{Heap after GC invocations=8 (full 0):
 garbage-first heap   total 61440K, used 18478K [0x0000000705000000, 0x0000000800000000)
  region size 2048K, 1 young (2048K), 1 survivors (2048K)
 Metaspace       used 31128K, committed 31552K, reserved 1114112K
  class space    used 3910K, committed 4096K, reserved 1048576K
}
Event: 5.492 GC heap before
{Heap before GC invocations=8 (full 0):
 garbage-first heap   total 61440K, used 36910K [0x0000000705000000, 0x0000000800000000)
  region size 2048K, 11 young (22528K), 1 survivors (2048K)
 Metaspace       used 35567K, committed 35968K, reserved 1114112K
  class space    used 4458K, committed 4672K, reserved 1048576K
}
Event: 5.498 GC heap after
{Heap after GC invocations=9 (full 0):
 garbage-first heap   total 159744K, used 22040K [0x0000000705000000, 0x0000000800000000)
  region size 2048K, 2 young (4096K), 2 survivors (4096K)
 Metaspace       used 35567K, committed 35968K, reserved 1114112K
  class space    used 4458K, committed 4672K, reserved 1048576K
}
Event: 7.352 GC heap before
{Heap before GC invocations=10 (full 0):
 garbage-first heap   total 90112K, used 71192K [0x0000000705000000, 0x0000000800000000)
  region size 2048K, 26 young (53248K), 2 survivors (4096K)
 Metaspace       used 46494K, committed 46976K, reserved 1114112K
  class space    used 6040K, committed 6272K, reserved 1048576K
}
Event: 7.358 GC heap after
{Heap after GC invocations=11 (full 0):
 garbage-first heap   total 90112K, used 24276K [0x0000000705000000, 0x0000000800000000)
  region size 2048K, 3 young (6144K), 3 survivors (6144K)
 Metaspace       used 46494K, committed 46976K, reserved 1114112K
  class space    used 6040K, committed 6272K, reserved 1048576K
}
Event: 8.299 GC heap before
{Heap before GC invocations=11 (full 0):
 garbage-first heap   total 90112K, used 67284K [0x0000000705000000, 0x0000000800000000)
  region size 2048K, 24 young (49152K), 3 survivors (6144K)
 Metaspace       used 57157K, committed 57664K, reserved 1114112K
  class space    used 7657K, committed 7872K, reserved 1048576K
}
Event: 8.305 GC heap after
{Heap after GC invocations=12 (full 0):
 garbage-first heap   total 90112K, used 26457K [0x0000000705000000, 0x0000000800000000)
  region size 2048K, 3 young (6144K), 3 survivors (6144K)
 Metaspace       used 57157K, committed 57664K, reserved 1114112K
  class space    used 7657K, committed 7872K, reserved 1048576K
}
Event: 8.771 GC heap before
{Heap before GC invocations=12 (full 0):
 garbage-first heap   total 90112K, used 51033K [0x0000000705000000, 0x0000000800000000)
  region size 2048K, 16 young (32768K), 3 survivors (6144K)
 Metaspace       used 59920K, committed 60416K, reserved 1114112K
  class space    used 8077K, committed 8320K, reserved 1048576K
}
Event: 8.777 GC heap after
{Heap after GC invocations=13 (full 0):
 garbage-first heap   total 90112K, used 28232K [0x0000000705000000, 0x0000000800000000)
  region size 2048K, 3 young (6144K), 3 survivors (6144K)
 Metaspace       used 59920K, committed 60416K, reserved 1114112K
  class space    used 8077K, committed 8320K, reserved 1048576K
}
Event: 9.661 GC heap before
{Heap before GC invocations=14 (full 0):
 garbage-first heap   total 90112K, used 63048K [0x0000000705000000, 0x0000000800000000)
  region size 2048K, 21 young (43008K), 3 survivors (6144K)
 Metaspace       used 63024K, committed 63552K, reserved 1114112K
  class space    used 8523K, committed 8768K, reserved 1048576K
}
Event: 9.676 GC heap after
{Heap after GC invocations=15 (full 0):
 garbage-first heap   total 90112K, used 33318K [0x0000000705000000, 0x0000000800000000)
  region size 2048K, 3 young (6144K), 3 survivors (6144K)
 Metaspace       used 63024K, committed 63552K, reserved 1114112K
  class space    used 8523K, committed 8768K, reserved 1048576K
}

